0 info it worked if it ends with ok
1 verbose cli [ 'C:\\Program Files\\nodejs\\node.exe',
1 verbose cli   'C:\\Program Files\\nodejs\\node_modules\\npm\\bin\\npm-cli.js',
1 verbose cli   'start' ]
2 info using npm@3.10.10
3 info using node@v6.11.1
4 verbose run-script [ 'prestart', 'start', 'poststart' ]
5 info lifecycle ruso-frontend@0.0.0~prestart: ruso-frontend@0.0.0
6 silly lifecycle ruso-frontend@0.0.0~prestart: no script for prestart, continuing
7 info lifecycle ruso-frontend@0.0.0~start: ruso-frontend@0.0.0
8 verbose lifecycle ruso-frontend@0.0.0~start: unsafe-perm in lifecycle true
9 verbose lifecycle ruso-frontend@0.0.0~start: PATH: C:\Program Files\nodejs\node_modules\npm\bin\node-gyp-bin;E:\uni\ruso-project\ruso-frontend\node_modules\.bin;C:\Users\Madalina\bin;C:\Program Files\Git\mingw64\bin;C:\Program Files\Git\usr\local\bin;C:\Program Files\Git\usr\bin;C:\Program Files\Git\usr\bin;C:\Program Files\Git\mingw64\bin;C:\Program Files\Git\usr\bin;C:\Users\Madalina\bin;C:\Windows\system32;C:\Windows;C:\Windows\System32\Wbem;C:\Windows\System32\WindowsPowerShell\v1.0;C:\Windows\System32\OpenSSH;C:\Program Files (x86)\NVIDIA Corporation\PhysX\Common;C:\Program Files\NVIDIA Corporation\NVIDIA NvDLISR;C:\WINDOWS\system32;C:\WINDOWS;C:\WINDOWS\System32\Wbem;C:\WINDOWS\System32\WindowsPowerShell\v1.0;C:\WINDOWS\System32\OpenSSH;C:\Program Files\Git\cmd;C:\Program Files\PuTTY;C:\Soft\JML\bin;C:\Soft\Java\j2sdk1.4.2_19\bin;C:\Soft\ESCJava2;E:\program files\Mozart\bin;C:\Program Files (x86)\Windows Kits\8.1\Windows Performance Toolkit;C:\Program Files\nodejs;C:\Users\Madalina\.windows-build-tools\python27;C:\Users\Madalina\AppData\Local\Microsoft\WindowsApps;C:\Users\Madalina\AppData\Local\Programs\Microsoft VS Code\bin;E:\program files\pmd-bin-6.22.0\bin;C:\Program Files (x86)\Java\jdk1.8.0_201\bin;C:\Users\Madalina\AppData\Roaming\npm;C:\Program Files\Git\usr\bin\vendor_perl;C:\Program Files\Git\usr\bin\core_perl
10 verbose lifecycle ruso-frontend@0.0.0~start: CWD: E:\uni\ruso-project\ruso-frontend
11 silly lifecycle ruso-frontend@0.0.0~start: Args: [ '/d /s /c', 'ng serve' ]
12 silly lifecycle ruso-frontend@0.0.0~start: Returned: code: 3  signal: null
13 info lifecycle ruso-frontend@0.0.0~start: Failed to exec start script
14 verbose stack Error: ruso-frontend@0.0.0 start: `ng serve`
14 verbose stack Exit status 3
14 verbose stack     at EventEmitter.<anonymous> (C:\Program Files\nodejs\node_modules\npm\lib\utils\lifecycle.js:255:16)
14 verbose stack     at emitTwo (events.js:106:13)
14 verbose stack     at EventEmitter.emit (events.js:191:7)
14 verbose stack     at ChildProcess.<anonymous> (C:\Program Files\nodejs\node_modules\npm\lib\utils\spawn.js:40:14)
14 verbose stack     at emitTwo (events.js:106:13)
14 verbose stack     at ChildProcess.emit (events.js:191:7)
14 verbose stack     at maybeClose (internal/child_process.js:891:16)
14 verbose stack     at Process.ChildProcess._handle.onexit (internal/child_process.js:226:5)
15 verbose pkgid ruso-frontend@0.0.0
16 verbose cwd E:\uni\ruso-project\ruso-frontend
17 error Windows_NT 10.0.18363
18 error argv "C:\\Program Files\\nodejs\\node.exe" "C:\\Program Files\\nodejs\\node_modules\\npm\\bin\\npm-cli.js" "start"
19 error node v6.11.1
20 error npm  v3.10.10
21 error code ELIFECYCLE
22 error ruso-frontend@0.0.0 start: `ng serve`
22 error Exit status 3
23 error Failed at the ruso-frontend@0.0.0 start script 'ng serve'.
23 error Make sure you have the latest version of node.js and npm installed.
23 error If you do, this is most likely a problem with the ruso-frontend package,
23 error not with npm itself.
23 error Tell the author that this fails on your system:
23 error     ng serve
23 error You can get information on how to open an issue for this project with:
23 error     npm bugs ruso-frontend
23 error Or if that isn't available, you can get their info via:
23 error     npm owner ls ruso-frontend
23 error There is likely additional logging output above.
24 verbose exit [ 1, true ]
